2025-08-14 15:51:51,331 - INFO - --- RUNNING IN TEST MODE ---
2025-08-14 15:51:51,334 - INFO - --- Searching in Alger ---
2025-08-14 15:51:51,334 - INFO -   Page 1...
2025-08-14 15:51:51,708 - INFO - --- Searching in Oran ---
2025-08-14 15:51:51,708 - INFO -   Page 1...
2025-08-14 15:51:51,913 - INFO - --- Searching in Constantine ---
2025-08-14 15:51:51,913 - INFO -   Page 1...
2025-08-14 15:51:52,132 - INFO - 
Found 60 unique places across 3 pages.

2025-08-14 15:51:52,133 - INFO - CACHE MISS: Fetching new data for ChIJmxRpZQeJfg0RIJnWwQny728
2025-08-14 15:51:52,322 - INFO - SUCCESS: Fetched and cached data for ChIJmxRpZQeJfg0RIJnWwQny728 (Oxygen Gym Oran, Oran)
2025-08-14 15:51:52,423 - INFO - CACHE MISS: Fetching new data for ChIJ2SzjsjWIfg0R_Rmlp3x2Exo
2025-08-14 15:51:52,661 - INFO - SUCCESS: Fetched and cached data for ChIJ2SzjsjWIfg0R_Rmlp3x2Exo (Olympia Gym, Oran)
2025-08-14 15:51:52,767 - INFO - CACHE MISS: Fetching new data for ChIJw7IuBX138RIRBo0xFspbdSc
2025-08-14 15:51:52,984 - INFO - SUCCESS: Fetched and cached data for ChIJw7IuBX138RIRBo0xFspbdSc (Premium Sport Club Constantine, Constantine)
2025-08-14 15:51:53,088 - INFO - CACHE MISS: Fetching new data for ChIJActANKCyjxIRKI-855fKOiU
2025-08-14 15:51:53,332 - INFO - SUCCESS: Fetched and cached data for ChIJActANKCyjxIRKI-855fKOiU (Body Fitness Center, Alger)
2025-08-14 15:51:53,438 - INFO - CACHE MISS: Fetching new data for ChIJd6CVJppifg0RSHJECwm2cwo
2025-08-14 15:51:53,690 - INFO - SUCCESS: Fetched and cached data for ChIJd6CVJppifg0RSHJECwm2cwo (Power Gym, salle de musculation, fitness et cardio, Oran)
2025-08-14 15:51:53,795 - INFO - CACHE MISS: Fetching new data for ChIJGSIr3oCJfg0RkX0Le6BU9F4
2025-08-14 15:51:54,028 - INFO - SUCCESS: Fetched and cached data for ChIJGSIr3oCJfg0RkX0Le6BU9F4 (World Gym Oran, Oran)
2025-08-14 15:51:54,133 - INFO - CACHE MISS: Fetching new data for ChIJxQL7axKzjxIRy5se8my0v_4
2025-08-14 15:51:54,319 - INFO - SUCCESS: Fetched and cached data for ChIJxQL7axKzjxIRy5se8my0v_4 (Évolution fitness El biar, Alger)
2025-08-14 15:51:54,420 - INFO - CACHE MISS: Fetching new data for ChIJka0WsPh38RIR1SpesFmOSiA
2025-08-14 15:51:54,606 - INFO - SUCCESS: Fetched and cached data for ChIJka0WsPh38RIR1SpesFmOSiA (FNC FITNESS, Constantine)
2025-08-14 15:51:54,712 - INFO - CACHE MISS: Fetching new data for ChIJu-pcORWJfg0RbSXcvYiMuZs
2025-08-14 15:51:54,897 - INFO - SUCCESS: Fetched and cached data for ChIJu-pcORWJfg0RbSXcvYiMuZs (Planete Fitness, Oran)
2025-08-14 15:51:55,002 - INFO - CACHE MISS: Fetching new data for ChIJf3-JQD538RIR_xcEUKAlyiE
2025-08-14 15:51:55,217 - INFO - SUCCESS: Fetched and cached data for ChIJf3-JQD538RIR_xcEUKAlyiE (ASPTTC, Constantine)
2025-08-14 15:51:55,323 - INFO - CACHE MISS: Fetching new data for ChIJZasfz3p38RIRYWmhijT_MzM
2025-08-14 15:51:55,616 - INFO - SUCCESS: Fetched and cached data for ChIJZasfz3p38RIRYWmhijT_MzM (Chaaba, Constantine)
2025-08-14 15:51:55,722 - INFO - CACHE MISS: Fetching new data for ChIJK799SdazjxIRYSsw2ECSJUg
2025-08-14 15:51:55,957 - INFO - SUCCESS: Fetched and cached data for ChIJK799SdazjxIRYSsw2ECSJUg (SPA Maison Al Fatiha (Hammam & Massage | Que pour Femmes), Alger)
2025-08-14 15:51:56,061 - INFO - CACHE MISS: Fetching new data for ChIJM3aQIgB38RIRBpZIC15XwA8
2025-08-14 15:51:56,258 - INFO - SUCCESS: Fetched and cached data for ChIJM3aQIgB38RIRBpZIC15XwA8 (Beast_gym_25, Constantine)
2025-08-14 15:51:56,364 - INFO - CACHE MISS: Fetching new data for ChIJ1We-eYGJfg0RmuC2qzVUjSw
2025-08-14 15:51:56,602 - INFO - SUCCESS: Fetched and cached data for ChIJ1We-eYGJfg0RmuC2qzVUjSw (Extreme Gym, Oran)
2025-08-14 15:51:56,707 - INFO - CACHE MISS: Fetching new data for ChIJG8UAJwCJfg0RILNL-fZ4UKI
2025-08-14 15:51:56,892 - INFO - SUCCESS: Fetched and cached data for ChIJG8UAJwCJfg0RILNL-fZ4UKI (CitePetit, Oran)
2025-08-14 15:51:56,998 - INFO - CACHE MISS: Fetching new data for ChIJgfIgdQB38RIR1OxWhkFk_MY
2025-08-14 15:51:57,232 - INFO - SUCCESS: Fetched and cached data for ChIJgfIgdQB38RIR1OxWhkFk_MY (Oxygen gym constantine, Constantine)
2025-08-14 15:51:57,337 - INFO - CACHE MISS: Fetching new data for ChIJ09wr5KqtjxIR3dZSoYafSn8
2025-08-14 15:51:57,554 - INFO - SUCCESS: Fetched and cached data for ChIJ09wr5KqtjxIR3dZSoYafSn8 (Source fitness & gym, Alger)
2025-08-14 15:51:57,660 - INFO - CACHE MISS: Fetching new data for ChIJZ1QfNh-tjxIRVioTzFV25oA
2025-08-14 15:51:57,864 - INFO - SUCCESS: Fetched and cached data for ChIJZ1QfNh-tjxIRVioTzFV25oA (Salle omnisports la concorde, Alger)
2025-08-14 15:51:57,969 - INFO - CACHE MISS: Fetching new data for ChIJN4rsvCKJfg0RvlojTYmgGZA
2025-08-14 15:51:58,193 - INFO - SUCCESS: Fetched and cached data for ChIJN4rsvCKJfg0RvlojTYmgGZA (Fitness factory, Oran)
2025-08-14 15:51:58,299 - INFO - CACHE MISS: Fetching new data for ChIJ23eAXwB38RIRxNnMt_cbA8U
2025-08-14 15:51:58,508 - INFO - SUCCESS: Fetched and cached data for ChIJ23eAXwB38RIRxNnMt_cbA8U (Salle de musculation, Constantine)
2025-08-14 15:51:58,614 - INFO - CACHE MISS: Fetching new data for ChIJBd2PZlGtjxIRt3ZA8W6PlyM
2025-08-14 15:51:58,800 - INFO - SUCCESS: Fetched and cached data for ChIJBd2PZlGtjxIRt3ZA8W6PlyM (Gym time, Alger)
2025-08-14 15:51:58,905 - INFO - CACHE MISS: Fetching new data for ChIJc7NIH2CtjxIRHhGbNbLHj-Y
2025-08-14 15:51:59,076 - INFO - SUCCESS: Fetched and cached data for ChIJc7NIH2CtjxIRHhGbNbLHj-Y (Strongbody hydra, Alger)
2025-08-14 15:51:59,182 - INFO - CACHE MISS: Fetching new data for ChIJU17l4kSxjxIRiCo9JF3jw70
2025-08-14 15:51:59,373 - INFO - SUCCESS: Fetched and cached data for ChIJU17l4kSxjxIRiCo9JF3jw70 (Flex gym, Alger)
2025-08-14 15:51:59,479 - INFO - CACHE MISS: Fetching new data for ChIJIc-BHgCzjxIRDX5CSLe6GJw
2025-08-14 15:51:59,720 - INFO - SUCCESS: Fetched and cached data for ChIJIc-BHgCzjxIRDX5CSLe6GJw (Golf Elmouradia elmadania, Alger)
2025-08-14 15:51:59,826 - INFO - CACHE MISS: Fetching new data for ChIJ-d3Rh3CzjxIRUD7BqwVsoBY
2025-08-14 15:52:00,048 - INFO - SUCCESS: Fetched and cached data for ChIJ-d3Rh3CzjxIRUD7BqwVsoBY (House of Pain Dz, Alger)
2025-08-14 15:52:00,153 - INFO - CACHE MISS: Fetching new data for ChIJS528Sux28RIRfOZdo7e4cmQ
2025-08-14 15:52:00,363 - INFO - SUCCESS: Fetched and cached data for ChIJS528Sux28RIRfOZdo7e4cmQ (La Sall De Sports, Constantine)
2025-08-14 15:52:00,469 - INFO - CACHE MISS: Fetching new data for ChIJO_butf6tjxIREdyvCAg4ukE
2025-08-14 15:52:00,672 - INFO - SUCCESS: Fetched and cached data for ChIJO_butf6tjxIREdyvCAg4ukE (Fitness house sidi yahia, Alger)
2025-08-14 15:52:00,777 - INFO - CACHE MISS: Fetching new data for ChIJQ1lotKOzjxIRgAzRwuRj_Ic
2025-08-14 15:52:00,997 - INFO - SUCCESS: Fetched and cached data for ChIJQ1lotKOzjxIRgAzRwuRj_Ic (Mashouda Team, Alger)
2025-08-14 15:52:01,102 - INFO - CACHE MISS: Fetching new data for ChIJK_vF1JCJfg0Rpjbp7l8Dg7w
2025-08-14 15:52:01,300 - INFO - SUCCESS: Fetched and cached data for ChIJK_vF1JCJfg0Rpjbp7l8Dg7w (RD GYM, Oran)
2025-08-14 15:52:01,406 - INFO - CACHE MISS: Fetching new data for ChIJLUkcdkl38RIRKTo7Ayqgtj0
2025-08-14 15:52:01,630 - INFO - SUCCESS: Fetched and cached data for ChIJLUkcdkl38RIRKTo7Ayqgtj0 (قاعة متعددة الرياضات برشاش محمد بلقاسم, Constantine)
2025-08-14 15:52:01,735 - INFO - CACHE MISS: Fetching new data for ChIJ9dJX_qyzjxIRWtFRFrBWFik
2025-08-14 15:52:01,954 - INFO - SUCCESS: Fetched and cached data for ChIJ9dJX_qyzjxIRWtFRFrBWFik (Energym Alger, Alger)
2025-08-14 15:52:02,060 - INFO - CACHE MISS: Fetching new data for ChIJSa8iegCzjxIRL2QgiAWC27Y
2025-08-14 15:52:02,255 - INFO - SUCCESS: Fetched and cached data for ChIJSa8iegCzjxIRL2QgiAWC27Y (Khrouba, Alger)
2025-08-14 15:52:02,360 - INFO - CACHE MISS: Fetching new data for ChIJ4-ODrCh38RIRbnQGzM9gVnk
2025-08-14 15:52:02,577 - INFO - SUCCESS: Fetched and cached data for ChIJ4-ODrCh38RIRbnQGzM9gVnk (Femme active, Constantine)
2025-08-14 15:52:02,682 - INFO - CACHE MISS: Fetching new data for ChIJO_tXYvmJfg0R5htakdmq-zw
2025-08-14 15:52:02,904 - INFO - SUCCESS: Fetched and cached data for ChIJO_tXYvmJfg0R5htakdmq-zw (Fox Gym Oran, Oran)
2025-08-14 15:52:03,007 - INFO - CACHE MISS: Fetching new data for ChIJD2oY9a5w8RIRPretNEZieAo
2025-08-14 15:52:03,212 - INFO - SUCCESS: Fetched and cached data for ChIJD2oY9a5w8RIRPretNEZieAo (Salle Vip Fitness, Constantine)
2025-08-14 15:52:03,318 - INFO - CACHE MISS: Fetching new data for ChIJY6ZUjYGJfg0RGDd7s6bQrMg
2025-08-14 15:52:03,519 - INFO - SUCCESS: Fetched and cached data for ChIJY6ZUjYGJfg0RGDd7s6bQrMg (ANSEUR SPORTS " SPORT DE COMBATS " MMA BJJ KICKBOXING, Oran)
2025-08-14 15:52:03,625 - INFO - CACHE MISS: Fetching new data for ChIJi8T-FwBjfg0RCLKi4CBs5mg
2025-08-14 15:52:03,836 - INFO - SUCCESS: Fetched and cached data for ChIJi8T-FwBjfg0RCLKi4CBs5mg (Power fitness Oran plaza, Oran)
2025-08-14 15:52:03,942 - INFO - CACHE MISS: Fetching new data for ChIJPScwqoOJfg0RGncj5Zb7Ew0
2025-08-14 15:52:04,166 - INFO - SUCCESS: Fetched and cached data for ChIJPScwqoOJfg0RGncj5Zb7Ew0 (Salle de sports olympia pour elle, Oran)
2025-08-14 15:52:04,271 - INFO - CACHE MISS: Fetching new data for ChIJc5tu1g2Jfg0R-683xfaIVC0
2025-08-14 15:52:04,462 - INFO - SUCCESS: Fetched and cached data for ChIJc5tu1g2Jfg0R-683xfaIVC0 (Salle De Musculation BOUAFIA GYM, Oran)
2025-08-14 15:52:04,568 - INFO - CACHE MISS: Fetching new data for ChIJZ8fE-ZF38RIRXQOeOXMtGqE
2025-08-14 15:52:04,758 - INFO - SUCCESS: Fetched and cached data for ChIJZ8fE-ZF38RIRXQOeOXMtGqE (golden body, Constantine)
2025-08-14 15:52:04,863 - INFO - CACHE MISS: Fetching new data for ChIJMe0w0QiJfg0Rt4Qfk4sQhTA
2025-08-14 15:52:05,089 - INFO - SUCCESS: Fetched and cached data for ChIJMe0w0QiJfg0Rt4Qfk4sQhTA (Maxi Fitness, Oran)
2025-08-14 15:52:05,195 - INFO - CACHE MISS: Fetching new data for ChIJ0y8hd06Ifg0RqXYaGq07If8
2025-08-14 15:52:05,371 - INFO - SUCCESS: Fetched and cached data for ChIJ0y8hd06Ifg0RqXYaGq07If8 (Salle de sports Hichami Gym, Oran)
2025-08-14 15:52:05,476 - INFO - CACHE MISS: Fetching new data for ChIJF5auDiB38RIRZ3uWWLC93KI
2025-08-14 15:52:05,696 - INFO - SUCCESS: Fetched and cached data for ChIJF5auDiB38RIRZ3uWWLC93KI (Salle omnisports du Mansourah, Constantine)
2025-08-14 15:52:05,798 - INFO - CACHE MISS: Fetching new data for ChIJb7Bv0LazjxIRJ6ecqfEJvqU
2025-08-14 15:52:05,981 - INFO - SUCCESS: Fetched and cached data for ChIJb7Bv0LazjxIRJ6ecqfEJvqU (Home Fit, Alger)
2025-08-14 15:52:06,087 - INFO - CACHE MISS: Fetching new data for ChIJRza29gx38RIRz7DYR30OXfw
2025-08-14 15:52:06,277 - INFO - SUCCESS: Fetched and cached data for ChIJRza29gx38RIRz7DYR30OXfw (MUSCLE PLUS, Constantine)
2025-08-14 15:52:06,379 - INFO - CACHE MISS: Fetching new data for ChIJkasFJwB38RIR8X_l5w-w3w4
2025-08-14 15:52:06,598 - INFO - SUCCESS: Fetched and cached data for ChIJkasFJwB38RIR8X_l5w-w3w4 (LosCampeon, Constantine)
2025-08-14 15:52:06,704 - INFO - CACHE MISS: Fetching new data for ChIJvfNB72978RIRnaS7ES0m2zE
2025-08-14 15:52:06,863 - INFO - SUCCESS: Fetched and cached data for ChIJvfNB72978RIRnaS7ES0m2zE (STAMINA GYM, Constantine)
2025-08-14 15:52:06,968 - INFO - CACHE MISS: Fetching new data for ChIJGReyaKd38RIRBVyzPWFQ6VQ
2025-08-14 15:52:07,193 - INFO - SUCCESS: Fetched and cached data for ChIJGReyaKd38RIRBVyzPWFQ6VQ (Fitness First, Constantine)
2025-08-14 15:52:07,299 - INFO - CACHE MISS: Fetching new data for ChIJqapeGt6tjxIRExO5t1AJQDY
2025-08-14 15:52:07,497 - INFO - SUCCESS: Fetched and cached data for ChIJqapeGt6tjxIRExO5t1AJQDY (Oxygène Fitness Club, Alger)
2025-08-14 15:52:07,602 - INFO - CACHE MISS: Fetching new data for ChIJ_Xga3ZeJfg0R0edq9StfCh0
2025-08-14 15:52:07,778 - INFO - SUCCESS: Fetched and cached data for ChIJ_Xga3ZeJfg0R0edq9StfCh0 (S18 TRAINING CLUB, Oran)
2025-08-14 15:52:07,884 - INFO - CACHE MISS: Fetching new data for ChIJ77e9TDWJfg0RQoLedhwSAFA
2025-08-14 15:52:08,115 - INFO - SUCCESS: Fetched and cached data for ChIJ77e9TDWJfg0RQoLedhwSAFA (Wolf Gym Oran, Oran)
2025-08-14 15:52:08,221 - INFO - CACHE MISS: Fetching new data for ChIJoyprkzWIfg0RQ1zYIS5YBuY
2025-08-14 15:52:08,438 - INFO - SUCCESS: Fetched and cached data for ChIJoyprkzWIfg0RQ1zYIS5YBuY (Metal Sport Boukli, Oran)
2025-08-14 15:52:08,543 - INFO - CACHE MISS: Fetching new data for ChIJE1wygNGJfg0Ruiny-1ObfNo
2025-08-14 15:52:08,773 - INFO - SUCCESS: Fetched and cached data for ChIJE1wygNGJfg0Ruiny-1ObfNo (1 6 8 Fitness oran, Oran)
2025-08-14 15:52:08,878 - INFO - CACHE MISS: Fetching new data for ChIJX35QtJKzjxIRBDhCifrUV8o
2025-08-14 15:52:09,122 - INFO - SUCCESS: Fetched and cached data for ChIJX35QtJKzjxIRBDhCifrUV8o (Five Gym Club, Alger)
2025-08-14 15:52:09,227 - INFO - CACHE MISS: Fetching new data for ChIJkQPy_sF28RIRgRqxOt-dvrI
2025-08-14 15:52:09,446 - INFO - SUCCESS: Fetched and cached data for ChIJkQPy_sF28RIRgRqxOt-dvrI (No Limits Gym, Constantine)
2025-08-14 15:52:09,551 - INFO - CACHE MISS: Fetching new data for ChIJhTVgEdatjxIRrOjU45jQ528
2025-08-14 15:52:09,754 - INFO - SUCCESS: Fetched and cached data for ChIJhTVgEdatjxIRrOjU45jQ528 (Body Glad Fitness El Madania, Alger)
2025-08-14 15:52:09,860 - INFO - CACHE MISS: Fetching new data for ChIJzdcEoddx8RIRyRKah53i4DE
2025-08-14 15:52:10,108 - INFO - SUCCESS: Fetched and cached data for ChIJzdcEoddx8RIRyRKah53i4DE (MYFiTBOX, Constantine)
2025-08-14 15:52:10,213 - INFO - CACHE MISS: Fetching new data for ChIJi8CDLvh38RIRDOL88n-fFg8
2025-08-14 15:52:10,436 - INFO - SUCCESS: Fetched and cached data for ChIJi8CDLvh38RIRDOL88n-fFg8 (Joker gym, Constantine)
2025-08-14 15:52:10,542 - INFO - CACHE MISS: Fetching new data for ChIJWR9ty3itjxIRyuF1DM0uVUg
2025-08-14 15:52:10,727 - INFO - SUCCESS: Fetched and cached data for ChIJWR9ty3itjxIRyuF1DM0uVUg (Mina Sport, Alger)
2025-08-14 15:52:10,832 - INFO - CACHE MISS: Fetching new data for ChIJG8nuKxCyjxIR7SIJWNnQl98
2025-08-14 15:52:11,063 - INFO - SUCCESS: Fetched and cached data for ChIJG8nuKxCyjxIR7SIJWNnQl98 (ALHAMBRA, Alger)
2025-08-14 15:52:11,169 - INFO - 
--- Exporting Data ---
2025-08-14 15:52:11,169 - INFO -   Total details fetched: 60
2025-08-14 15:52:11,169 - INFO -   Cache hits: 0
2025-08-14 15:52:11,192 - INFO - 
Successfully exported data to data/gyms_dz.csv and data/gyms_dz.jsonl
