2025-08-18 15:32:33,049 - INFO - Gym 1/40 (ChIJadHET_axjxIRGOJLuLvtGFI) processed in 127.51 seconds.
2025-08-18 15:32:33,051 - INFO - Processing gym 2/40 (ChIJ8wQ0Br-xjxIRlN7GeE9H8QQ)
2025-08-18 15:33:37,258 - INFO - Gym 2/40 (ChIJ8wQ0Br-xjxIRlN7GeE9H8QQ) processed in 64.21 seconds.
2025-08-18 15:33:37,259 - INFO - Processing gym 3/40 (ChIJ87lQL0RRjhIRoK3Z_Aimaqs)
2025-08-18 15:34:52,601 - INFO - Gym 3/40 (ChIJ87lQL0RRjhIRoK3Z_Aimaqs) processed in 75.34 seconds.
2025-08-18 15:34:52,602 - INFO - Processing gym 4/40 (ChIJd-zKUF6xjxIROOk5ORe8yw4)
2025-08-18 15:36:12,172 - INFO - Gym 4/40 (ChIJd-zKUF6xjxIROOk5ORe8yw4) processed in 79.57 seconds.
2025-08-18 15:36:12,173 - INFO - Processing gym 5/40 (ChIJvStaVbmtjxIRdUVxesIlutU)
2025-08-18 15:37:30,089 - INFO - Gym 5/40 (ChIJvStaVbmtjxIRdUVxesIlutU) processed in 77.92 seconds.
2025-08-18 15:37:30,090 - INFO - Processing gym 6/40 (ChIJ6a9YkHlSjhIRSDxPElIU_Rs)
2025-08-18 15:38:54,921 - INFO - Gym 6/40 (ChIJ6a9YkHlSjhIRSDxPElIU_Rs) processed in 84.83 seconds.
2025-08-18 15:38:54,922 - INFO - Processing gym 7/40 (ChIJUVxzPvGtjxIRkDGOr3IdMqA)
2025-08-18 15:39:53,167 - INFO - Gym 7/40 (ChIJUVxzPvGtjxIRkDGOr3IdMqA) processed in 58.24 seconds.
2025-08-18 15:39:53,167 - INFO - Processing gym 8/40 (ChIJPyGgz66jjxIRYsBRxWBLBr4)
2025-08-18 15:41:58,496 - INFO - Gym 8/40 (ChIJPyGgz66jjxIRYsBRxWBLBr4) processed in 125.33 seconds.
2025-08-18 15:41:58,497 - INFO - Processing gym 9/40 (ChIJIc-BHgCzjxIRDX5CSLe6GJw)
2025-08-18 15:43:29,982 - INFO - Gym 9/40 (ChIJIc-BHgCzjxIRDX5CSLe6GJw) processed in 91.48 seconds.
2025-08-18 15:43:29,984 - INFO - Processing gym 10/40 (ChIJFdlXlLOxjxIRhKwmWF2Vwcg)
2025-08-18 15:44:53,588 - INFO - Gym 10/40 (ChIJFdlXlLOxjxIRhKwmWF2Vwcg) processed in 83.60 seconds.
2025-08-18 15:44:53,589 - INFO - Processing gym 11/40 (ChIJo156IWRPjhIRQbQpCR_Z8Hs)
2025-08-18 15:46:58,675 - INFO - Gym 11/40 (ChIJo156IWRPjhIRQbQpCR_Z8Hs) processed in 125.09 seconds.
2025-08-18 15:46:58,678 - INFO - Processing gym 12/40 (ChIJp3U8FQCxjxIRG2Ty2j5chS8)
2025-08-18 15:49:22,696 - INFO - Gym 12/40 (ChIJp3U8FQCxjxIRG2Ty2j5chS8) processed in 144.02 seconds.
2025-08-18 15:49:22,698 - INFO - Processing gym 13/40 (ChIJzU8JNW-tjxIRDD2ZeObaUtg)
2025-08-18 15:50:53,154 - INFO - Gym 13/40 (ChIJzU8JNW-tjxIRDD2ZeObaUtg) processed in 90.46 seconds.
2025-08-18 15:50:53,155 - INFO - Processing gym 14/40 (ChIJb7Bv0LazjxIRJ6ecqfEJvqU)
2025-08-18 15:53:29,196 - INFO - Gym 14/40 (ChIJb7Bv0LazjxIRJ6ecqfEJvqU) processed in 156.04 seconds.
2025-08-18 15:53:29,198 - INFO - Processing gym 15/40 (ChIJGWIzUHStjxIRQuy426g9XXY)
2025-08-18 15:54:58,906 - INFO - Gym 15/40 (ChIJGWIzUHStjxIRQuy426g9XXY) processed in 89.71 seconds.
2025-08-18 15:54:58,907 - INFO - Processing gym 16/40 (ChIJ4bDzVOGxjxIRYD0Np2pKqKc)
2025-08-18 15:56:21,957 - INFO - Gym 16/40 (ChIJ4bDzVOGxjxIRYD0Np2pKqKc) processed in 83.05 seconds.
2025-08-18 15:56:21,959 - INFO - Processing gym 17/40 (ChIJK1_m4iywjxIREPPkm71KYX0)
2025-08-18 15:57:16,623 - INFO - Gym 17/40 (ChIJK1_m4iywjxIREPPkm71KYX0) processed in 54.66 seconds.
2025-08-18 15:57:16,625 - INFO - Processing gym 18/40 (ChIJX6xxuU-xjxIRbEZYaRe2wNU)
2025-08-18 15:58:44,613 - INFO - Gym 18/40 (ChIJX6xxuU-xjxIRbEZYaRe2wNU) processed in 87.99 seconds.
2025-08-18 15:58:44,615 - INFO - Processing gym 19/40 (ChIJk3jfX_VTjhIRaMgpb2XqROk)
2025-08-18 16:00:33,478 - INFO - Gym 19/40 (ChIJk3jfX_VTjhIRaMgpb2XqROk) processed in 108.86 seconds.
2025-08-18 16:00:33,479 - INFO - Processing gym 20/40 (ChIJk613_pGvjxIRx-EnU07CBqg)
2025-08-18 16:01:58,804 - INFO - Gym 20/40 (ChIJk613_pGvjxIRx-EnU07CBqg) processed in 85.32 seconds.
2025-08-18 16:01:58,806 - INFO - Processing gym 21/40 (ChIJbxyqkWl9fg0REfduGRrOkaM)
2025-08-18 16:10:05,630 - INFO - Starting gym data transformation.
2025-08-18 16:10:05,631 - INFO - Loaded 0 processed gym IDs from the output file.
2025-08-18 16:10:05,633 - INFO - Processing up to 5 gyms.
2025-08-18 16:10:05,633 - INFO - Processing gym 1/5 (ChIJadHET_axjxIRGOJLuLvtGFI)
2025-08-18 16:11:32,420 - INFO - Gym 1/5 (ChIJadHET_axjxIRGOJLuLvtGFI) processed in 86.79 seconds.
2025-08-18 16:11:32,421 - INFO - Processing gym 2/5 (ChIJ8wQ0Br-xjxIRlN7GeE9H8QQ)
2025-08-18 16:13:09,481 - INFO - Gym 2/5 (ChIJ8wQ0Br-xjxIRlN7GeE9H8QQ) processed in 97.06 seconds.
2025-08-18 16:13:09,482 - INFO - Processing gym 3/5 (ChIJ87lQL0RRjhIRoK3Z_Aimaqs)
2025-08-18 16:14:21,913 - INFO - Gym 3/5 (ChIJ87lQL0RRjhIRoK3Z_Aimaqs) processed in 72.43 seconds.
2025-08-18 16:14:21,914 - INFO - Processing gym 4/5 (ChIJd-zKUF6xjxIROOk5ORe8yw4)
2025-08-18 16:16:02,829 - INFO - Gym 4/5 (ChIJd-zKUF6xjxIROOk5ORe8yw4) processed in 100.92 seconds.
2025-08-18 16:16:02,829 - INFO - Processing gym 5/5 (ChIJvStaVbmtjxIRdUVxesIlutU)
2025-08-18 16:17:54,816 - INFO - Gym 5/5 (ChIJvStaVbmtjxIRdUVxesIlutU) processed in 111.99 seconds.
2025-08-18 16:17:54,816 - INFO - Transformation complete. Output written to data/ui-data.ts
2025-08-18 16:18:20,598 - INFO - Starting gym data transformation.
2025-08-18 16:18:20,599 - INFO - Loaded 5 processed gym IDs from the output file.
2025-08-18 16:18:20,601 - INFO - Processing up to 10 gyms.
2025-08-18 16:18:20,601 - INFO - Skipping already processed gym ChIJadHET_axjxIRGOJLuLvtGFI
2025-08-18 16:18:20,601 - INFO - Skipping already processed gym ChIJ8wQ0Br-xjxIRlN7GeE9H8QQ
2025-08-18 16:18:20,601 - INFO - Skipping already processed gym ChIJ87lQL0RRjhIRoK3Z_Aimaqs
2025-08-18 16:18:20,601 - INFO - Skipping already processed gym ChIJd-zKUF6xjxIROOk5ORe8yw4
2025-08-18 16:18:20,601 - INFO - Skipping already processed gym ChIJvStaVbmtjxIRdUVxesIlutU
2025-08-18 16:18:20,601 - INFO - Processing gym 6/10 (ChIJ6a9YkHlSjhIRSDxPElIU_Rs)
2025-08-18 16:19:56,977 - INFO - Gym 6/10 (ChIJ6a9YkHlSjhIRSDxPElIU_Rs) processed in 96.38 seconds.
2025-08-18 16:19:56,978 - INFO - Processing gym 7/10 (ChIJUVxzPvGtjxIRkDGOr3IdMqA)
2025-08-18 16:21:10,845 - INFO - Gym 7/10 (ChIJUVxzPvGtjxIRkDGOr3IdMqA) processed in 73.87 seconds.
2025-08-18 16:21:10,846 - INFO - Processing gym 8/10 (ChIJPyGgz66jjxIRYsBRxWBLBr4)
2025-08-18 16:23:10,294 - INFO - Gym 8/10 (ChIJPyGgz66jjxIRYsBRxWBLBr4) processed in 119.45 seconds.
2025-08-18 16:23:10,295 - INFO - Processing gym 9/10 (ChIJIc-BHgCzjxIRDX5CSLe6GJw)
2025-08-18 16:24:39,254 - INFO - Gym 9/10 (ChIJIc-BHgCzjxIRDX5CSLe6GJw) processed in 88.96 seconds.
2025-08-18 16:24:39,255 - INFO - Processing gym 10/10 (ChIJFdlXlLOxjxIRhKwmWF2Vwcg)
2025-08-18 16:26:25,602 - INFO - Gym 10/10 (ChIJFdlXlLOxjxIRhKwmWF2Vwcg) processed in 106.35 seconds.
2025-08-18 16:26:25,603 - INFO - Transformation complete. Output written to data/ui-data.ts
2025-08-18 16:28:31,476 - INFO - Starting gym data transformation.
2025-08-18 16:28:31,476 - INFO - Loaded 10 processed gym IDs from the output file.
2025-08-18 16:28:31,478 - INFO - Skipping already processed gym ChIJadHET_axjxIRGOJLuLvtGFI
2025-08-18 16:28:31,478 - INFO - Skipping already processed gym ChIJ8wQ0Br-xjxIRlN7GeE9H8QQ
2025-08-18 16:28:31,478 - INFO - Skipping already processed gym ChIJ87lQL0RRjhIRoK3Z_Aimaqs
2025-08-18 16:28:31,478 - INFO - Skipping already processed gym ChIJd-zKUF6xjxIROOk5ORe8yw4
2025-08-18 16:28:31,478 - INFO - Skipping already processed gym ChIJvStaVbmtjxIRdUVxesIlutU
2025-08-18 16:28:31,478 - INFO - Skipping already processed gym ChIJ6a9YkHlSjhIRSDxPElIU_Rs
2025-08-18 16:28:31,478 - INFO - Skipping already processed gym ChIJUVxzPvGtjxIRkDGOr3IdMqA
2025-08-18 16:28:31,478 - INFO - Skipping already processed gym ChIJPyGgz66jjxIRYsBRxWBLBr4
2025-08-18 16:28:31,478 - INFO - Skipping already processed gym ChIJIc-BHgCzjxIRDX5CSLe6GJw
2025-08-18 16:28:31,478 - INFO - Skipping already processed gym ChIJFdlXlLOxjxIRhKwmWF2Vwcg
2025-08-18 16:28:31,478 - INFO - Processing gym 11/40 (ChIJo156IWRPjhIRQbQpCR_Z8Hs)
2025-08-18 16:29:49,083 - INFO - Gym 11/40 (ChIJo156IWRPjhIRQbQpCR_Z8Hs) processed in 77.61 seconds.
2025-08-18 16:29:49,084 - INFO - Processing gym 12/40 (ChIJp3U8FQCxjxIRG2Ty2j5chS8)
2025-08-18 16:31:44,082 - INFO - Gym 12/40 (ChIJp3U8FQCxjxIRG2Ty2j5chS8) processed in 115.00 seconds.
2025-08-18 16:31:44,083 - INFO - Processing gym 13/40 (ChIJzU8JNW-tjxIRDD2ZeObaUtg)
2025-08-18 16:33:26,033 - INFO - Gym 13/40 (ChIJzU8JNW-tjxIRDD2ZeObaUtg) processed in 101.95 seconds.
2025-08-18 16:33:26,034 - INFO - Processing gym 14/40 (ChIJb7Bv0LazjxIRJ6ecqfEJvqU)
2025-08-18 16:34:50,739 - INFO - Gym 14/40 (ChIJb7Bv0LazjxIRJ6ecqfEJvqU) processed in 84.70 seconds.
2025-08-18 16:34:50,739 - INFO - Processing gym 15/40 (ChIJGWIzUHStjxIRQuy426g9XXY)
2025-08-18 16:36:10,970 - INFO - Gym 15/40 (ChIJGWIzUHStjxIRQuy426g9XXY) processed in 80.23 seconds.
2025-08-18 16:36:10,971 - INFO - Processing gym 16/40 (ChIJ4bDzVOGxjxIRYD0Np2pKqKc)
2025-08-18 16:37:56,732 - INFO - Gym 16/40 (ChIJ4bDzVOGxjxIRYD0Np2pKqKc) processed in 105.76 seconds.
2025-08-18 16:37:56,733 - INFO - Processing gym 17/40 (ChIJK1_m4iywjxIREPPkm71KYX0)
2025-08-18 16:38:53,577 - INFO - Gym 17/40 (ChIJK1_m4iywjxIREPPkm71KYX0) processed in 56.84 seconds.
2025-08-18 16:38:53,577 - INFO - Processing gym 18/40 (ChIJX6xxuU-xjxIRbEZYaRe2wNU)
2025-08-18 16:40:30,964 - INFO - Gym 18/40 (ChIJX6xxuU-xjxIRbEZYaRe2wNU) processed in 97.39 seconds.
2025-08-18 16:40:30,965 - INFO - Processing gym 19/40 (ChIJk3jfX_VTjhIRaMgpb2XqROk)
2025-08-18 16:42:07,820 - INFO - Gym 19/40 (ChIJk3jfX_VTjhIRaMgpb2XqROk) processed in 96.85 seconds.
2025-08-18 16:42:07,820 - INFO - Processing gym 20/40 (ChIJk613_pGvjxIRx-EnU07CBqg)
2025-08-18 16:43:31,515 - INFO - Gym 20/40 (ChIJk613_pGvjxIRx-EnU07CBqg) processed in 83.69 seconds.
2025-08-18 16:43:31,516 - INFO - Processing gym 21/40 (ChIJbxyqkWl9fg0REfduGRrOkaM)
2025-08-18 16:45:14,136 - INFO - Gym 21/40 (ChIJbxyqkWl9fg0REfduGRrOkaM) processed in 102.62 seconds.
2025-08-18 16:45:14,137 - INFO - Processing gym 22/40 (ChIJd6CVJppifg0RSHJECwm2cwo)
2025-08-18 16:46:16,832 - INFO - Gym 22/40 (ChIJd6CVJppifg0RSHJECwm2cwo) processed in 62.70 seconds.
2025-08-18 16:46:16,833 - INFO - Processing gym 23/40 (ChIJN4rsvCKJfg0RvlojTYmgGZA)
2025-08-18 16:47:29,710 - INFO - Gym 23/40 (ChIJN4rsvCKJfg0RvlojTYmgGZA) processed in 72.88 seconds.
2025-08-18 16:47:29,712 - INFO - Processing gym 24/40 (ChIJmxRpZQeJfg0RIJnWwQny728)
2025-08-18 16:49:05,772 - INFO - Gym 24/40 (ChIJmxRpZQeJfg0RIJnWwQny728) processed in 96.06 seconds.
2025-08-18 16:49:05,772 - INFO - Processing gym 25/40 (ChIJjfdzY05jfg0RBKkcj2-X8VQ)
2025-08-18 16:50:47,762 - INFO - Gym 25/40 (ChIJjfdzY05jfg0RBKkcj2-X8VQ) processed in 101.99 seconds.
2025-08-18 16:50:47,762 - INFO - Processing gym 26/40 (ChIJMe0w0QiJfg0Rt4Qfk4sQhTA)
2025-08-18 16:52:25,432 - INFO - Gym 26/40 (ChIJMe0w0QiJfg0Rt4Qfk4sQhTA) processed in 97.67 seconds.
2025-08-18 16:52:25,433 - INFO - Processing gym 27/40 (ChIJJ0blEhZ9fg0RWvLLuK6VsPo)
2025-08-18 16:53:39,642 - INFO - Gym 27/40 (ChIJJ0blEhZ9fg0RWvLLuK6VsPo) processed in 74.21 seconds.
2025-08-18 16:53:39,642 - INFO - Processing gym 28/40 (ChIJE1wygNGJfg0Ruiny-1ObfNo)
2025-08-18 16:55:54,188 - INFO - Gym 28/40 (ChIJE1wygNGJfg0Ruiny-1ObfNo) processed in 134.55 seconds.
2025-08-18 16:55:54,189 - INFO - Processing gym 29/40 (ChIJ_Xga3ZeJfg0R0edq9StfCh0)
2025-08-18 16:57:11,373 - INFO - Gym 29/40 (ChIJ_Xga3ZeJfg0R0edq9StfCh0) processed in 77.18 seconds.
2025-08-18 16:57:11,373 - INFO - Processing gym 30/40 (ChIJ2SzjsjWIfg0R_Rmlp3x2Exo)
2025-08-18 16:58:35,248 - INFO - Gym 30/40 (ChIJ2SzjsjWIfg0R_Rmlp3x2Exo) processed in 83.88 seconds.
2025-08-18 16:58:35,249 - INFO - Processing gym 31/40 (ChIJG8UAJwCJfg0RILNL-fZ4UKI)
2025-08-18 16:59:22,394 - INFO - Gym 31/40 (ChIJG8UAJwCJfg0RILNL-fZ4UKI) processed in 47.15 seconds.
2025-08-18 16:59:22,395 - INFO - Processing gym 32/40 (ChIJi8T-FwBjfg0RCLKi4CBs5mg)
2025-08-18 17:01:05,735 - INFO - Gym 32/40 (ChIJi8T-FwBjfg0RCLKi4CBs5mg) processed in 103.34 seconds.
2025-08-18 17:01:05,736 - INFO - Processing gym 33/40 (ChIJu-pcORWJfg0RbSXcvYiMuZs)
2025-08-18 17:02:11,547 - INFO - Gym 33/40 (ChIJu-pcORWJfg0RbSXcvYiMuZs) processed in 65.81 seconds.
2025-08-18 17:02:11,547 - INFO - Processing gym 34/40 (ChIJO_tXYvmJfg0R5htakdmq-zw)
2025-08-18 17:03:29,856 - INFO - Gym 34/40 (ChIJO_tXYvmJfg0R5htakdmq-zw) processed in 78.31 seconds.
2025-08-18 17:03:29,857 - INFO - Processing gym 35/40 (ChIJo5HC6rxifg0R68W-F5Zvws8)
2025-08-18 17:04:50,289 - INFO - Gym 35/40 (ChIJo5HC6rxifg0R68W-F5Zvws8) processed in 80.43 seconds.
2025-08-18 17:04:50,290 - INFO - Processing gym 36/40 (ChIJGSIr3oCJfg0RkX0Le6BU9F4)
2025-08-18 17:06:08,294 - INFO - Gym 36/40 (ChIJGSIr3oCJfg0RkX0Le6BU9F4) processed in 78.00 seconds.
2025-08-18 17:06:08,294 - INFO - Processing gym 37/40 (ChIJK_vF1JCJfg0Rpjbp7l8Dg7w)
2025-08-18 17:07:31,993 - INFO - Gym 37/40 (ChIJK_vF1JCJfg0Rpjbp7l8Dg7w) processed in 83.70 seconds.
2025-08-18 17:07:31,993 - INFO - Processing gym 38/40 (ChIJpaMnjxljfg0Rptsb7KzXZ78)
2025-08-18 17:08:41,484 - INFO - Gym 38/40 (ChIJpaMnjxljfg0Rptsb7KzXZ78) processed in 69.49 seconds.
2025-08-18 17:08:41,485 - INFO - Processing gym 39/40 (ChIJd20UrCRjfg0RaXqW4xMtVNs)
2025-08-18 17:09:44,831 - INFO - Gym 39/40 (ChIJd20UrCRjfg0RaXqW4xMtVNs) processed in 63.35 seconds.
2025-08-18 17:09:44,832 - INFO - Processing gym 40/40 (ChIJ0y8hd06Ifg0RqXYaGq07If8)
2025-08-18 17:11:33,875 - INFO - Gym 40/40 (ChIJ0y8hd06Ifg0RqXYaGq07If8) processed in 109.04 seconds.
2025-08-18 17:11:33,876 - INFO - Transformation complete. Output written to data/ui-data.ts
