2025-08-13 12:58:23,316 - INFO - --- RUNNING IN TEST MODE ---
2025-08-13 12:58:23,317 - INFO - --- Searching in Alger ---
2025-08-13 12:58:23,317 - INFO -   Page 1...
2025-08-13 12:58:23,566 - INFO - --- Searching in Oran ---
2025-08-13 12:58:23,566 - INFO -   Page 1...
2025-08-13 12:58:23,749 - INFO - --- Searching in Constantine ---
2025-08-13 12:58:23,749 - INFO -   Page 1...
2025-08-13 12:58:23,932 - INFO - 
Found 60 unique places across 3 pages.

2025-08-13 12:58:23,933 - INFO - CACHE MISS: Fetching new data for ChIJ9dJX_qyzjxIRWtFRFrBWFik
2025-08-13 12:58:24,133 - INFO - SUCCESS: Fetched and cached data for ChIJ9dJX_qyzjxIRWtFRFrBWFik (Energym Alger, Alger)
2025-08-13 12:58:24,238 - INFO - CACHE MISS: Fetching new data for ChIJX35QtJKzjxIRBDhCifrUV8o
2025-08-13 12:58:24,410 - INFO - SUCCESS: Fetched and cached data for ChIJX35QtJKzjxIRBDhCifrUV8o (Five Gym Club, Alger)
2025-08-13 12:58:24,516 - INFO - CACHE MISS: Fetching new data for ChIJGSIr3oCJfg0RkX0Le6BU9F4
2025-08-13 12:58:24,710 - INFO - SUCCESS: Fetched and cached data for ChIJGSIr3oCJfg0RkX0Le6BU9F4 (World Gym Oran, Oran)
2025-08-13 12:58:24,814 - INFO - CACHE MISS: Fetching new data for ChIJMe0w0QiJfg0Rt4Qfk4sQhTA
2025-08-13 12:58:25,014 - INFO - SUCCESS: Fetched and cached data for ChIJMe0w0QiJfg0Rt4Qfk4sQhTA (Maxi Fitness, Oran)
2025-08-13 12:58:25,119 - INFO - CACHE MISS: Fetching new data for ChIJQ1lotKOzjxIRgAzRwuRj_Ic
2025-08-13 12:58:25,311 - INFO - SUCCESS: Fetched and cached data for ChIJQ1lotKOzjxIRgAzRwuRj_Ic (Mashouda Team, Alger)
2025-08-13 12:58:25,413 - INFO - CACHE MISS: Fetching new data for ChIJ2SzjsjWIfg0R_Rmlp3x2Exo
2025-08-13 12:58:25,686 - INFO - SUCCESS: Fetched and cached data for ChIJ2SzjsjWIfg0R_Rmlp3x2Exo (Olympia Gym, Oran)
2025-08-13 12:58:25,792 - INFO - CACHE MISS: Fetching new data for ChIJc5tu1g2Jfg0R-683xfaIVC0
2025-08-13 12:58:26,001 - INFO - SUCCESS: Fetched and cached data for ChIJc5tu1g2Jfg0R-683xfaIVC0 (Salle De Musculation BOUAFIA GYM, Oran)
2025-08-13 12:58:26,102 - INFO - CACHE MISS: Fetching new data for ChIJc7NIH2CtjxIRHhGbNbLHj-Y
2025-08-13 12:58:26,298 - INFO - SUCCESS: Fetched and cached data for ChIJc7NIH2CtjxIRHhGbNbLHj-Y (Strongbody hydra, Alger)
2025-08-13 12:58:26,404 - INFO - CACHE MISS: Fetching new data for ChIJf3-JQD538RIR_xcEUKAlyiE
2025-08-13 12:58:26,633 - INFO - SUCCESS: Fetched and cached data for ChIJf3-JQD538RIR_xcEUKAlyiE (ASPTTC, Constantine)
2025-08-13 12:58:26,736 - INFO - CACHE MISS: Fetching new data for ChIJ23eAXwB38RIRxNnMt_cbA8U
2025-08-13 12:58:26,937 - INFO - SUCCESS: Fetched and cached data for ChIJ23eAXwB38RIRxNnMt_cbA8U (Salle de musculation, Constantine)
2025-08-13 12:58:27,042 - INFO - CACHE MISS: Fetching new data for ChIJWR9ty3itjxIRyuF1DM0uVUg
2025-08-13 12:58:27,268 - INFO - SUCCESS: Fetched and cached data for ChIJWR9ty3itjxIRyuF1DM0uVUg (Mina Sport, Alger)
2025-08-13 12:58:27,373 - INFO - CACHE MISS: Fetching new data for ChIJG8nuKxCyjxIR7SIJWNnQl98
2025-08-13 12:58:27,619 - INFO - SUCCESS: Fetched and cached data for ChIJG8nuKxCyjxIR7SIJWNnQl98 (ALHAMBRA, Alger)
2025-08-13 12:58:27,723 - INFO - CACHE MISS: Fetching new data for ChIJLUkcdkl38RIRKTo7Ayqgtj0
2025-08-13 12:58:27,966 - INFO - SUCCESS: Fetched and cached data for ChIJLUkcdkl38RIRKTo7Ayqgtj0 (قاعة متعددة الرياضات برشاش محمد بلقاسم, Constantine)
2025-08-13 12:58:28,072 - INFO - CACHE MISS: Fetching new data for ChIJZ8fE-ZF38RIRXQOeOXMtGqE
2025-08-13 12:58:28,311 - INFO - SUCCESS: Fetched and cached data for ChIJZ8fE-ZF38RIRXQOeOXMtGqE (golden body, Constantine)
2025-08-13 12:58:28,412 - INFO - CACHE MISS: Fetching new data for ChIJhTVgEdatjxIRrOjU45jQ528
2025-08-13 12:58:28,646 - INFO - SUCCESS: Fetched and cached data for ChIJhTVgEdatjxIRrOjU45jQ528 (Body Glad Fitness El Madania, Alger)
2025-08-13 12:58:28,751 - INFO - CACHE MISS: Fetching new data for ChIJIc-BHgCzjxIRDX5CSLe6GJw
2025-08-13 12:58:28,962 - INFO - SUCCESS: Fetched and cached data for ChIJIc-BHgCzjxIRDX5CSLe6GJw (Golf Elmouradia elmadania, Alger)
2025-08-13 12:58:29,068 - INFO - CACHE MISS: Fetching new data for ChIJi8CDLvh38RIRDOL88n-fFg8
2025-08-13 12:58:29,279 - INFO - SUCCESS: Fetched and cached data for ChIJi8CDLvh38RIRDOL88n-fFg8 (Joker gym, Constantine)
2025-08-13 12:58:29,382 - INFO - CACHE MISS: Fetching new data for ChIJqapeGt6tjxIRExO5t1AJQDY
2025-08-13 12:58:29,597 - INFO - SUCCESS: Fetched and cached data for ChIJqapeGt6tjxIRExO5t1AJQDY (Oxygène Fitness Club, Alger)
2025-08-13 12:58:29,703 - INFO - CACHE MISS: Fetching new data for ChIJb7Bv0LazjxIRJ6ecqfEJvqU
2025-08-13 12:58:29,944 - INFO - SUCCESS: Fetched and cached data for ChIJb7Bv0LazjxIRJ6ecqfEJvqU (Home Fit, Alger)
2025-08-13 12:58:30,049 - INFO - CACHE MISS: Fetching new data for ChIJ_Xga3ZeJfg0R0edq9StfCh0
2025-08-13 12:58:30,272 - INFO - SUCCESS: Fetched and cached data for ChIJ_Xga3ZeJfg0R0edq9StfCh0 (S18 TRAINING CLUB, Oran)
2025-08-13 12:58:30,376 - INFO - CACHE MISS: Fetching new data for ChIJActANKCyjxIRKI-855fKOiU
2025-08-13 12:58:30,612 - INFO - SUCCESS: Fetched and cached data for ChIJActANKCyjxIRKI-855fKOiU (Body Fitness Center, Alger)
2025-08-13 12:58:30,716 - INFO - CACHE MISS: Fetching new data for ChIJGReyaKd38RIRBVyzPWFQ6VQ
2025-08-13 12:58:30,936 - INFO - SUCCESS: Fetched and cached data for ChIJGReyaKd38RIRBVyzPWFQ6VQ (Fitness First, Constantine)
2025-08-13 12:58:31,041 - INFO - CACHE MISS: Fetching new data for ChIJ-d3Rh3CzjxIRUD7BqwVsoBY
2025-08-13 12:58:31,234 - INFO - SUCCESS: Fetched and cached data for ChIJ-d3Rh3CzjxIRUD7BqwVsoBY (House of Pain Dz, Alger)
2025-08-13 12:58:31,339 - INFO - CACHE MISS: Fetching new data for ChIJO_butf6tjxIREdyvCAg4ukE
2025-08-13 12:58:31,596 - INFO - SUCCESS: Fetched and cached data for ChIJO_butf6tjxIREdyvCAg4ukE (Fitness house sidi yahia, Alger)
2025-08-13 12:58:31,701 - INFO - CACHE MISS: Fetching new data for ChIJN4rsvCKJfg0RvlojTYmgGZA
2025-08-13 12:58:31,917 - INFO - SUCCESS: Fetched and cached data for ChIJN4rsvCKJfg0RvlojTYmgGZA (Fitness factory, Oran)
2025-08-13 12:58:32,018 - INFO - CACHE MISS: Fetching new data for ChIJM3aQIgB38RIRBpZIC15XwA8
2025-08-13 12:58:32,239 - INFO - SUCCESS: Fetched and cached data for ChIJM3aQIgB38RIRBpZIC15XwA8 (Beast_gym_25, Constantine)
2025-08-13 12:58:32,340 - INFO - CACHE MISS: Fetching new data for ChIJ1We-eYGJfg0RmuC2qzVUjSw
2025-08-13 12:58:32,520 - INFO - SUCCESS: Fetched and cached data for ChIJ1We-eYGJfg0RmuC2qzVUjSw (Extreme Gym, Oran)
2025-08-13 12:58:32,623 - INFO - CACHE MISS: Fetching new data for ChIJw7IuBX138RIRBo0xFspbdSc
2025-08-13 12:58:32,815 - INFO - SUCCESS: Fetched and cached data for ChIJw7IuBX138RIRBo0xFspbdSc (Premium Sport Club Constantine, Constantine)
2025-08-13 12:58:32,917 - INFO - CACHE MISS: Fetching new data for ChIJBd2PZlGtjxIRt3ZA8W6PlyM
2025-08-13 12:58:33,133 - INFO - SUCCESS: Fetched and cached data for ChIJBd2PZlGtjxIRt3ZA8W6PlyM (Gym time, Alger)
2025-08-13 12:58:33,238 - INFO - CACHE MISS: Fetching new data for ChIJzdcEoddx8RIRyRKah53i4DE
2025-08-13 12:58:33,425 - INFO - SUCCESS: Fetched and cached data for ChIJzdcEoddx8RIRyRKah53i4DE (MYFiTBOX, Constantine)
2025-08-13 12:58:33,530 - INFO - CACHE MISS: Fetching new data for ChIJY6ZUjYGJfg0RGDd7s6bQrMg
2025-08-13 12:58:33,748 - INFO - SUCCESS: Fetched and cached data for ChIJY6ZUjYGJfg0RGDd7s6bQrMg (ANSEUR SPORTS " SPORT DE COMBATS " MMA BJJ KICKBOXING, Oran)
2025-08-13 12:58:33,851 - INFO - CACHE MISS: Fetching new data for ChIJd6CVJppifg0RSHJECwm2cwo
2025-08-13 12:58:34,157 - INFO - SUCCESS: Fetched and cached data for ChIJd6CVJppifg0RSHJECwm2cwo (Power Gym, salle de musculation, fitness et cardio, Oran)
2025-08-13 12:58:34,262 - INFO - CACHE MISS: Fetching new data for ChIJ4-ODrCh38RIRbnQGzM9gVnk
2025-08-13 12:58:34,455 - INFO - SUCCESS: Fetched and cached data for ChIJ4-ODrCh38RIRbnQGzM9gVnk (Femme active, Constantine)
2025-08-13 12:58:34,556 - INFO - CACHE MISS: Fetching new data for ChIJSa8iegCzjxIRL2QgiAWC27Y
2025-08-13 12:58:34,787 - INFO - SUCCESS: Fetched and cached data for ChIJSa8iegCzjxIRL2QgiAWC27Y (Khrouba, Alger)
2025-08-13 12:58:34,893 - INFO - CACHE MISS: Fetching new data for ChIJPScwqoOJfg0RGncj5Zb7Ew0
2025-08-13 12:58:35,068 - INFO - SUCCESS: Fetched and cached data for ChIJPScwqoOJfg0RGncj5Zb7Ew0 (Salle de sports olympia pour elle, Oran)
2025-08-13 12:58:35,172 - INFO - CACHE MISS: Fetching new data for ChIJF5auDiB38RIRZ3uWWLC93KI
2025-08-13 12:58:35,393 - INFO - SUCCESS: Fetched and cached data for ChIJF5auDiB38RIRZ3uWWLC93KI (Salle omnisports du Mansourah, Constantine)
2025-08-13 12:58:35,498 - INFO - CACHE MISS: Fetching new data for ChIJRza29gx38RIRz7DYR30OXfw
2025-08-13 12:58:35,688 - INFO - SUCCESS: Fetched and cached data for ChIJRza29gx38RIRz7DYR30OXfw (MUSCLE PLUS, Constantine)
2025-08-13 12:58:35,793 - INFO - CACHE MISS: Fetching new data for ChIJ0y8hd06Ifg0RqXYaGq07If8
2025-08-13 12:58:36,012 - INFO - SUCCESS: Fetched and cached data for ChIJ0y8hd06Ifg0RqXYaGq07If8 (Salle de sports Hichami Gym, Oran)
2025-08-13 12:58:36,116 - INFO - CACHE MISS: Fetching new data for ChIJK_vF1JCJfg0Rpjbp7l8Dg7w
2025-08-13 12:58:36,350 - INFO - SUCCESS: Fetched and cached data for ChIJK_vF1JCJfg0Rpjbp7l8Dg7w (RD GYM, Oran)
2025-08-13 12:58:36,455 - INFO - CACHE MISS: Fetching new data for ChIJka0WsPh38RIR1SpesFmOSiA
2025-08-13 12:58:36,696 - INFO - SUCCESS: Fetched and cached data for ChIJka0WsPh38RIR1SpesFmOSiA (FNC FITNESS, Constantine)
2025-08-13 12:58:36,801 - INFO - CACHE MISS: Fetching new data for ChIJO_tXYvmJfg0R5htakdmq-zw
2025-08-13 12:58:36,974 - INFO - SUCCESS: Fetched and cached data for ChIJO_tXYvmJfg0R5htakdmq-zw (Fox Gym Oran, Oran)
2025-08-13 12:58:37,078 - INFO - CACHE MISS: Fetching new data for ChIJS528Sux28RIRfOZdo7e4cmQ
2025-08-13 12:58:37,302 - INFO - SUCCESS: Fetched and cached data for ChIJS528Sux28RIRfOZdo7e4cmQ (La Sall De Sports, Constantine)
2025-08-13 12:58:37,408 - INFO - CACHE MISS: Fetching new data for ChIJoyprkzWIfg0RQ1zYIS5YBuY
2025-08-13 12:58:37,638 - INFO - SUCCESS: Fetched and cached data for ChIJoyprkzWIfg0RQ1zYIS5YBuY (Metal Sport Boukli, Oran)
2025-08-13 12:58:37,743 - INFO - CACHE MISS: Fetching new data for ChIJ09wr5KqtjxIR3dZSoYafSn8
2025-08-13 12:58:37,971 - INFO - SUCCESS: Fetched and cached data for ChIJ09wr5KqtjxIR3dZSoYafSn8 (Source fitness & gym, Alger)
2025-08-13 12:58:38,074 - INFO - CACHE MISS: Fetching new data for ChIJxQL7axKzjxIRy5se8my0v_4
2025-08-13 12:58:38,293 - INFO - SUCCESS: Fetched and cached data for ChIJxQL7axKzjxIRy5se8my0v_4 (Évolution fitness El biar, Alger)
2025-08-13 12:58:38,398 - INFO - CACHE MISS: Fetching new data for ChIJvfNB72978RIRnaS7ES0m2zE
2025-08-13 12:58:38,622 - INFO - SUCCESS: Fetched and cached data for ChIJvfNB72978RIRnaS7ES0m2zE (STAMINA GYM, Constantine)
2025-08-13 12:58:38,726 - INFO - CACHE MISS: Fetching new data for ChIJU17l4kSxjxIRiCo9JF3jw70
2025-08-13 12:58:38,922 - INFO - SUCCESS: Fetched and cached data for ChIJU17l4kSxjxIRiCo9JF3jw70 (Flex gym, Alger)
2025-08-13 12:58:39,023 - INFO - CACHE MISS: Fetching new data for ChIJkasFJwB38RIR8X_l5w-w3w4
2025-08-13 12:58:39,252 - INFO - SUCCESS: Fetched and cached data for ChIJkasFJwB38RIR8X_l5w-w3w4 (LosCampeon, Constantine)
2025-08-13 12:58:39,355 - INFO - CACHE MISS: Fetching new data for ChIJmxRpZQeJfg0RIJnWwQny728
2025-08-13 12:58:39,617 - INFO - SUCCESS: Fetched and cached data for ChIJmxRpZQeJfg0RIJnWwQny728 (Oxygen Gym Oran, Oran)
2025-08-13 12:58:39,719 - INFO - CACHE MISS: Fetching new data for ChIJZ1QfNh-tjxIRVioTzFV25oA
2025-08-13 12:58:39,896 - INFO - SUCCESS: Fetched and cached data for ChIJZ1QfNh-tjxIRVioTzFV25oA (Salle omnisports la concorde, Alger)
2025-08-13 12:58:40,001 - INFO - CACHE MISS: Fetching new data for ChIJ77e9TDWJfg0RQoLedhwSAFA
2025-08-13 12:58:40,165 - INFO - SUCCESS: Fetched and cached data for ChIJ77e9TDWJfg0RQoLedhwSAFA (Wolf Gym Oran, Oran)
2025-08-13 12:58:40,269 - INFO - CACHE MISS: Fetching new data for ChIJgfIgdQB38RIR1OxWhkFk_MY
2025-08-13 12:58:40,504 - INFO - SUCCESS: Fetched and cached data for ChIJgfIgdQB38RIR1OxWhkFk_MY (Oxygen gym constantine, Constantine)
2025-08-13 12:58:40,605 - INFO - CACHE MISS: Fetching new data for ChIJkQPy_sF28RIRgRqxOt-dvrI
2025-08-13 12:58:40,829 - INFO - SUCCESS: Fetched and cached data for ChIJkQPy_sF28RIRgRqxOt-dvrI (No Limits Gym, Constantine)
2025-08-13 12:58:40,934 - INFO - CACHE MISS: Fetching new data for ChIJi8T-FwBjfg0RCLKi4CBs5mg
2025-08-13 12:58:41,142 - INFO - SUCCESS: Fetched and cached data for ChIJi8T-FwBjfg0RCLKi4CBs5mg (Power fitness Oran plaza, Oran)
2025-08-13 12:58:41,244 - INFO - CACHE MISS: Fetching new data for ChIJK799SdazjxIRYSsw2ECSJUg
2025-08-13 12:58:41,471 - INFO - SUCCESS: Fetched and cached data for ChIJK799SdazjxIRYSsw2ECSJUg (SPA Maison Al Fatiha (Hammam & Massage | Que pour Femmes), Alger)
2025-08-13 12:58:41,574 - INFO - CACHE MISS: Fetching new data for ChIJZasfz3p38RIRYWmhijT_MzM
2025-08-13 12:58:41,772 - INFO - SUCCESS: Fetched and cached data for ChIJZasfz3p38RIRYWmhijT_MzM (Chaaba, Constantine)
2025-08-13 12:58:41,876 - INFO - CACHE MISS: Fetching new data for ChIJu-pcORWJfg0RbSXcvYiMuZs
2025-08-13 12:58:42,126 - INFO - SUCCESS: Fetched and cached data for ChIJu-pcORWJfg0RbSXcvYiMuZs (Planete Fitness, Oran)
2025-08-13 12:58:42,231 - INFO - CACHE MISS: Fetching new data for ChIJG8UAJwCJfg0RILNL-fZ4UKI
2025-08-13 12:58:42,464 - INFO - SUCCESS: Fetched and cached data for ChIJG8UAJwCJfg0RILNL-fZ4UKI (CitePetit, Oran)
2025-08-13 12:58:42,568 - INFO - CACHE MISS: Fetching new data for ChIJD2oY9a5w8RIRPretNEZieAo
2025-08-13 12:58:42,783 - INFO - SUCCESS: Fetched and cached data for ChIJD2oY9a5w8RIRPretNEZieAo (Salle Vip Fitness, Constantine)
2025-08-13 12:58:42,887 - INFO - CACHE MISS: Fetching new data for ChIJE1wygNGJfg0Ruiny-1ObfNo
2025-08-13 12:58:43,070 - INFO - SUCCESS: Fetched and cached data for ChIJE1wygNGJfg0Ruiny-1ObfNo (1 6 8 Fitness oran, Oran)
2025-08-13 12:58:43,175 - INFO - 
--- Exporting Data ---
2025-08-13 12:58:43,175 - INFO -   Total details fetched: 60
2025-08-13 12:58:43,175 - INFO -   Cache hits: 0
2025-08-13 12:58:43,185 - INFO - 
Successfully exported data to data/gyms_dz.csv and data/gyms_dz.jsonl
2025-08-13 13:02:28,724 - INFO - --- RUNNING IN TEST MODE ---
2025-08-13 13:02:28,724 - INFO - --- Searching in Alger ---
2025-08-13 13:02:28,724 - INFO -   Page 1...
2025-08-13 13:02:28,882 - INFO - --- Searching in Oran ---
2025-08-13 13:02:28,883 - INFO -   Page 1...
2025-08-13 13:02:29,064 - INFO - --- Searching in Constantine ---
2025-08-13 13:02:29,065 - INFO -   Page 1...
2025-08-13 13:02:29,248 - INFO - 
Found 60 unique places across 3 pages.

2025-08-13 13:02:29,250 - INFO - CACHE HIT: Using cached data for ChIJE1wygNGJfg0Ruiny-1ObfNo (1 6 8 Fitness oran, Oran)
2025-08-13 13:02:29,252 - INFO - CACHE HIT: Using cached data for ChIJc7NIH2CtjxIRHhGbNbLHj-Y (Strongbody hydra, Alger)
2025-08-13 13:02:29,254 - INFO - CACHE HIT: Using cached data for ChIJhTVgEdatjxIRrOjU45jQ528 (Body Glad Fitness El Madania, Alger)
2025-08-13 13:02:29,255 - INFO - CACHE HIT: Using cached data for ChIJZ1QfNh-tjxIRVioTzFV25oA (Salle omnisports la concorde, Alger)
2025-08-13 13:02:29,256 - INFO - CACHE HIT: Using cached data for ChIJO_tXYvmJfg0R5htakdmq-zw (Fox Gym Oran, Oran)
2025-08-13 13:02:29,258 - INFO - CACHE HIT: Using cached data for ChIJU17l4kSxjxIRiCo9JF3jw70 (Flex gym, Alger)
2025-08-13 13:02:29,259 - INFO - CACHE HIT: Using cached data for ChIJ1We-eYGJfg0RmuC2qzVUjSw (Extreme Gym, Oran)
2025-08-13 13:02:29,260 - INFO - CACHE HIT: Using cached data for ChIJi8CDLvh38RIRDOL88n-fFg8 (Joker gym, Constantine)
2025-08-13 13:02:29,261 - INFO - CACHE HIT: Using cached data for ChIJ0y8hd06Ifg0RqXYaGq07If8 (Salle de sports Hichami Gym, Oran)
2025-08-13 13:02:29,262 - INFO - CACHE HIT: Using cached data for ChIJu-pcORWJfg0RbSXcvYiMuZs (Planete Fitness, Oran)
2025-08-13 13:02:29,263 - INFO - CACHE HIT: Using cached data for ChIJoyprkzWIfg0RQ1zYIS5YBuY (Metal Sport Boukli, Oran)
2025-08-13 13:02:29,264 - INFO - CACHE HIT: Using cached data for ChIJD2oY9a5w8RIRPretNEZieAo (Salle Vip Fitness, Constantine)
2025-08-13 13:02:29,264 - INFO - CACHE HIT: Using cached data for ChIJSa8iegCzjxIRL2QgiAWC27Y (Khrouba, Alger)
2025-08-13 13:02:29,265 - INFO - CACHE HIT: Using cached data for ChIJ77e9TDWJfg0RQoLedhwSAFA (Wolf Gym Oran, Oran)
2025-08-13 13:02:29,265 - INFO - CACHE HIT: Using cached data for ChIJ23eAXwB38RIRxNnMt_cbA8U (Salle de musculation, Constantine)
2025-08-13 13:02:29,265 - INFO - CACHE HIT: Using cached data for ChIJ4-ODrCh38RIRbnQGzM9gVnk (Femme active, Constantine)
2025-08-13 13:02:29,266 - INFO - CACHE HIT: Using cached data for ChIJ-d3Rh3CzjxIRUD7BqwVsoBY (House of Pain Dz, Alger)
2025-08-13 13:02:29,267 - INFO - CACHE HIT: Using cached data for ChIJK_vF1JCJfg0Rpjbp7l8Dg7w (RD GYM, Oran)
2025-08-13 13:02:29,267 - INFO - CACHE HIT: Using cached data for ChIJxQL7axKzjxIRy5se8my0v_4 (Évolution fitness El biar, Alger)
2025-08-13 13:02:29,268 - INFO - CACHE HIT: Using cached data for ChIJG8nuKxCyjxIR7SIJWNnQl98 (ALHAMBRA, Alger)
2025-08-13 13:02:29,268 - INFO - CACHE HIT: Using cached data for ChIJO_butf6tjxIREdyvCAg4ukE (Fitness house sidi yahia, Alger)
2025-08-13 13:02:29,268 - INFO - CACHE HIT: Using cached data for ChIJLUkcdkl38RIRKTo7Ayqgtj0 (قاعة متعددة الرياضات برشاش محمد بلقاسم, Constantine)
2025-08-13 13:02:29,269 - INFO - CACHE HIT: Using cached data for ChIJ2SzjsjWIfg0R_Rmlp3x2Exo (Olympia Gym, Oran)
2025-08-13 13:02:29,269 - INFO - CACHE HIT: Using cached data for ChIJka0WsPh38RIR1SpesFmOSiA (FNC FITNESS, Constantine)
2025-08-13 13:02:29,270 - INFO - CACHE HIT: Using cached data for ChIJZasfz3p38RIRYWmhijT_MzM (Chaaba, Constantine)
2025-08-13 13:02:29,270 - INFO - CACHE HIT: Using cached data for ChIJK799SdazjxIRYSsw2ECSJUg (SPA Maison Al Fatiha (Hammam & Massage | Que pour Femmes), Alger)
2025-08-13 13:02:29,271 - INFO - CACHE HIT: Using cached data for ChIJN4rsvCKJfg0RvlojTYmgGZA (Fitness factory, Oran)
2025-08-13 13:02:29,271 - INFO - CACHE HIT: Using cached data for ChIJvfNB72978RIRnaS7ES0m2zE (STAMINA GYM, Constantine)
2025-08-13 13:02:29,272 - INFO - CACHE HIT: Using cached data for ChIJb7Bv0LazjxIRJ6ecqfEJvqU (Home Fit, Alger)
2025-08-13 13:02:29,272 - INFO - CACHE HIT: Using cached data for ChIJkQPy_sF28RIRgRqxOt-dvrI (No Limits Gym, Constantine)
2025-08-13 13:02:29,272 - INFO - CACHE HIT: Using cached data for ChIJ09wr5KqtjxIR3dZSoYafSn8 (Source fitness & gym, Alger)
2025-08-13 13:02:29,272 - INFO - CACHE HIT: Using cached data for ChIJqapeGt6tjxIRExO5t1AJQDY (Oxygène Fitness Club, Alger)
2025-08-13 13:02:29,273 - INFO - CACHE HIT: Using cached data for ChIJGSIr3oCJfg0RkX0Le6BU9F4 (World Gym Oran, Oran)
2025-08-13 13:02:29,273 - INFO - CACHE HIT: Using cached data for ChIJi8T-FwBjfg0RCLKi4CBs5mg (Power fitness Oran plaza, Oran)
2025-08-13 13:02:29,273 - INFO - CACHE HIT: Using cached data for ChIJM3aQIgB38RIRBpZIC15XwA8 (Beast_gym_25, Constantine)
2025-08-13 13:02:29,274 - INFO - CACHE HIT: Using cached data for ChIJZ8fE-ZF38RIRXQOeOXMtGqE (golden body, Constantine)
2025-08-13 13:02:29,274 - INFO - CACHE HIT: Using cached data for ChIJBd2PZlGtjxIRt3ZA8W6PlyM (Gym time, Alger)
2025-08-13 13:02:29,274 - INFO - CACHE HIT: Using cached data for ChIJF5auDiB38RIRZ3uWWLC93KI (Salle omnisports du Mansourah, Constantine)
2025-08-13 13:02:29,274 - INFO - CACHE HIT: Using cached data for ChIJRza29gx38RIRz7DYR30OXfw (MUSCLE PLUS, Constantine)
2025-08-13 13:02:29,275 - INFO - CACHE HIT: Using cached data for ChIJf3-JQD538RIR_xcEUKAlyiE (ASPTTC, Constantine)
2025-08-13 13:02:29,275 - INFO - CACHE HIT: Using cached data for ChIJX35QtJKzjxIRBDhCifrUV8o (Five Gym Club, Alger)
2025-08-13 13:02:29,275 - INFO - CACHE HIT: Using cached data for ChIJActANKCyjxIRKI-855fKOiU (Body Fitness Center, Alger)
2025-08-13 13:02:29,276 - INFO - CACHE HIT: Using cached data for ChIJMe0w0QiJfg0Rt4Qfk4sQhTA (Maxi Fitness, Oran)
2025-08-13 13:02:29,276 - INFO - CACHE HIT: Using cached data for ChIJc5tu1g2Jfg0R-683xfaIVC0 (Salle De Musculation BOUAFIA GYM, Oran)
2025-08-13 13:02:29,277 - INFO - CACHE HIT: Using cached data for ChIJQ1lotKOzjxIRgAzRwuRj_Ic (Mashouda Team, Alger)
2025-08-13 13:02:29,277 - INFO - CACHE HIT: Using cached data for ChIJgfIgdQB38RIR1OxWhkFk_MY (Oxygen gym constantine, Constantine)
2025-08-13 13:02:29,277 - INFO - CACHE HIT: Using cached data for ChIJzdcEoddx8RIRyRKah53i4DE (MYFiTBOX, Constantine)
2025-08-13 13:02:29,277 - INFO - CACHE HIT: Using cached data for ChIJd6CVJppifg0RSHJECwm2cwo (Power Gym, salle de musculation, fitness et cardio, Oran)
2025-08-13 13:02:29,278 - INFO - CACHE HIT: Using cached data for ChIJGReyaKd38RIRBVyzPWFQ6VQ (Fitness First, Constantine)
2025-08-13 13:02:29,278 - INFO - CACHE HIT: Using cached data for ChIJw7IuBX138RIRBo0xFspbdSc (Premium Sport Club Constantine, Constantine)
2025-08-13 13:02:29,278 - INFO - CACHE HIT: Using cached data for ChIJG8UAJwCJfg0RILNL-fZ4UKI (CitePetit, Oran)
2025-08-13 13:02:29,278 - INFO - CACHE HIT: Using cached data for ChIJ_Xga3ZeJfg0R0edq9StfCh0 (S18 TRAINING CLUB, Oran)
2025-08-13 13:02:29,278 - INFO - CACHE HIT: Using cached data for ChIJ9dJX_qyzjxIRWtFRFrBWFik (Energym Alger, Alger)
2025-08-13 13:02:29,279 - INFO - CACHE HIT: Using cached data for ChIJWR9ty3itjxIRyuF1DM0uVUg (Mina Sport, Alger)
2025-08-13 13:02:29,279 - INFO - CACHE HIT: Using cached data for ChIJkasFJwB38RIR8X_l5w-w3w4 (LosCampeon, Constantine)
2025-08-13 13:02:29,279 - INFO - CACHE HIT: Using cached data for ChIJY6ZUjYGJfg0RGDd7s6bQrMg (ANSEUR SPORTS " SPORT DE COMBATS " MMA BJJ KICKBOXING, Oran)
2025-08-13 13:02:29,279 - INFO - CACHE HIT: Using cached data for ChIJIc-BHgCzjxIRDX5CSLe6GJw (Golf Elmouradia elmadania, Alger)
2025-08-13 13:02:29,279 - INFO - CACHE HIT: Using cached data for ChIJS528Sux28RIRfOZdo7e4cmQ (La Sall De Sports, Constantine)
2025-08-13 13:02:29,279 - INFO - CACHE HIT: Using cached data for ChIJmxRpZQeJfg0RIJnWwQny728 (Oxygen Gym Oran, Oran)
2025-08-13 13:02:29,280 - INFO - CACHE HIT: Using cached data for ChIJPScwqoOJfg0RGncj5Zb7Ew0 (Salle de sports olympia pour elle, Oran)
2025-08-13 13:02:29,280 - INFO - 
--- Exporting Data ---
2025-08-13 13:02:29,280 - INFO -   Total details fetched: 60
2025-08-13 13:02:29,280 - INFO -   Cache hits: 60
2025-08-13 13:02:29,288 - INFO - 
Successfully exported data to data/gyms_dz.csv and data/gyms_dz.jsonl
